-------------------------------------------------------------------------------
Test set: As a librarian, I want to retrieve all users
-------------------------------------------------------------------------------
Tests run: 1, Failures: 0, Errors: 1, Skipped: 0, Time elapsed: 0.196 s <<< FAILURE! - in As a librarian, I want to retrieve all users
As a librarian, I want to retrieve all users.Retrieve all users from the API endpoint  Time elapsed: 0.196 s  <<< ERROR!
io.cucumber.junit.UndefinedStepException: 
The step 'I logged Library api as a "librarian"' and 6 other step(s) are undefined.
You can implement these steps using the snippet(s) below:

@Given("I logged Library api as a {string}")
public void i_logged_library_api_as_a(String string) {
    // Write code here that turns the phrase above into concrete actions
    throw new io.cucumber.java.PendingException();
}
@Given("Accept header is {string}")
public void accept_header_is(String string) {
    // Write code here that turns the phrase above into concrete actions
    throw new io.cucumber.java.PendingException();
}
@When("I send GET request to {string} endpoint")
public void i_send_get_request_to_endpoint(String string) {
    // Write code here that turns the phrase above into concrete actions
    throw new io.cucumber.java.PendingException();
}
@Then("status code should be {int}")
public void status_code_should_be(Integer int1) {
    // Write code here that turns the phrase above into concrete actions
    throw new io.cucumber.java.PendingException();
}
@Then("Response Content type is {string}")
public void response_content_type_is(String string) {
    // Write code here that turns the phrase above into concrete actions
    throw new io.cucumber.java.PendingException();
}
@Then("{string} field should not be null")
public void field_should_not_be_null(String string) {
    // Write code here that turns the phrase above into concrete actions
    throw new io.cucumber.java.PendingException();
}


